<?xml version="1.0" encoding="UTF-8"?>
<!-- Generated by org.testng.reporters.JUnitReportReporter -->
<testsuite skipped="0" hostname="Tecnology" name="BasicTestWD" tests="2" failures="0" timestamp="25 jun 2017 17:30:32 GMT" time="15.056" errors="0">
  <testcase name="googleMilkExample" time="7.244" classname="BasicTestWD"/>
  <testcase name="googleCheeseExample" time="7.812" classname="BasicTestWD"/>
</testsuite> <!-- BasicTestWD -->
